Build started 1/21/2016 6:05:38 PM.
     1>Project "e:\C_Programming\Tutorial\Tutorial\Tutorial.vcxproj" on node 2 (build target(s)).
     1>PrepareForBuild:
         Creating directory "e:\C_Programming\Tutorial\Debug\".
       InitializeBuildStatus:
         Creating "Debug\Tutorial.unsuccessfulbuild" because "AlwaysCreate" was specified.
       ClCompile:
         c:\Program Files (x86)\Microsoft Visual Studio 10.0\VC\bin\CL.exe /c /ZI /nologo /W3 /WX- /Od /Oy- /D WIN32 /D _DEBUG /D _CONSOLE /D _UNICODE /D UNICODE /Gm /EHsc /RTC1 /MDd /GS /fp:precise /Zc:wchar_t /Zc:forScope /Fo"Debug\\" /Fd"Debug\vc100.pdb" /Gd /TC /analyze- /errorReport:prompt TutorialCode.c
         TutorialCode.c
       ManifestResourceCompile:
         C:\Program Files (x86)\Microsoft SDKs\Windows\v7.0A\bin\rc.exe /nologo /fo"Debug\Tutorial.exe.embed.manifest.res" Debug\Tutorial_manifest.rc 
       Link:
         c:\Program Files (x86)\Microsoft Visual Studio 10.0\VC\bin\link.exe /ERRORREPORT:PROMPT /OUT:"e:\C_Programming\Tutorial\Debug\Tutorial.exe" /INCREMENTAL /NOLOGO kernel32.lib user32.lib gdi32.lib winspool.lib comdlg32.lib advapi32.lib shell32.lib ole32.lib oleaut32.lib uuid.lib odbc32.lib odbccp32.lib /MANIFEST /ManifestFile:"Debug\Tutorial.exe.intermediate.manifest" /MANIFESTUAC:"level='asInvoker' uiAccess='false'" /DEBUG /PDB:"e:\C_Programming\Tutorial\Debug\Tutorial.pdb" /SUBSYSTEM:CONSOLE /TLBID:1 /DYNAMICBASE /NXCOMPAT /IMPLIB:"e:\C_Programming\Tutorial\Debug\Tutorial.lib" /MACHINE:X86 Debug\Tutorial.exe.embed.manifest.res
         Debug\TutorialCode.obj
       Manifest:
         C:\Program Files (x86)\Microsoft SDKs\Windows\v7.0A\bin\mt.exe /nologo /verbose /out:"Debug\Tutorial.exe.embed.manifest" /manifest Debug\Tutorial.exe.intermediate.manifest
         C:\Program Files (x86)\Microsoft SDKs\Windows\v7.0A\bin\rc.exe /nologo /fo"Debug\Tutorial.exe.embed.manifest.res" Debug\Tutorial_manifest.rc 
       LinkEmbedManifest:
         c:\Program Files (x86)\Microsoft Visual Studio 10.0\VC\bin\link.exe /ERRORREPORT:PROMPT /OUT:"e:\C_Programming\Tutorial\Debug\Tutorial.exe" /INCREMENTAL /NOLOGO kernel32.lib user32.lib gdi32.lib winspool.lib comdlg32.lib advapi32.lib shell32.lib ole32.lib oleaut32.lib uuid.lib odbc32.lib odbccp32.lib /MANIFEST /ManifestFile:"Debug\Tutorial.exe.intermediate.manifest" /MANIFESTUAC:"level='asInvoker' uiAccess='false'" /DEBUG /PDB:"e:\C_Programming\Tutorial\Debug\Tutorial.pdb" /SUBSYSTEM:CONSOLE /TLBID:1 /DYNAMICBASE /NXCOMPAT /IMPLIB:"e:\C_Programming\Tutorial\Debug\Tutorial.lib" /MACHINE:X86 Debug\Tutorial.exe.embed.manifest.res
         Debug\TutorialCode.obj
         Tutorial.vcxproj -> e:\C_Programming\Tutorial\Debug\Tutorial.exe
       FinalizeBuildStatus:
         Deleting file "Debug\Tutorial.unsuccessfulbuild".
         Touching "Debug\Tutorial.lastbuildstate".
     1>Done Building Project "e:\C_Programming\Tutorial\Tutorial\Tutorial.vcxproj" (build target(s)).

Build succeeded.

Time Elapsed 00:00:46.54
