Build started 3/4/2016 11:10:20 AM.
     1>Project "E:\C_Programming\diamond\diamond\diamond.vcxproj" on node 2 (build target(s)).
     1>InitializeBuildStatus:
         Creating "Debug\diamond.unsuccessfulbuild" because "AlwaysCreate" was specified.
       ClCompile:
         c:\Program Files (x86)\Microsoft Visual Studio 10.0\VC\bin\CL.exe /c /ZI /nologo /W3 /WX- /Od /Oy- /D WIN32 /D _DEBUG /D _CONSOLE /D _UNICODE /D UNICODE /Gm /EHsc /RTC1 /MDd /GS /fp:precise /Zc:wchar_t /Zc:forScope /Fo"Debug\\" /Fd"Debug\vc100.pdb" /Gd /TP /analyze- /errorReport:prompt phonebill_code.cpp
         phonebill_code.cpp
     1>e:\c_programming\diamond\diamond\phonebill_code.cpp(17): warning C4996: 'scanf': This function or variable may be unsafe. Consider using scanf_s instead. To disable deprecation, use _CRT_SECURE_NO_WARNINGS. See online help for details.
                 c:\program files (x86)\microsoft visual studio 10.0\vc\include\stdio.h(304) : see declaration of 'scanf'
     1>e:\c_programming\diamond\diamond\phonebill_code.cpp(20): warning C4996: 'scanf': This function or variable may be unsafe. Consider using scanf_s instead. To disable deprecation, use _CRT_SECURE_NO_WARNINGS. See online help for details.
                 c:\program files (x86)\microsoft visual studio 10.0\vc\include\stdio.h(304) : see declaration of 'scanf'
     1>e:\c_programming\diamond\diamond\phonebill_code.cpp(26): warning C4996: 'scanf': This function or variable may be unsafe. Consider using scanf_s instead. To disable deprecation, use _CRT_SECURE_NO_WARNINGS. See online help for details.
                 c:\program files (x86)\microsoft visual studio 10.0\vc\include\stdio.h(304) : see declaration of 'scanf'
     1>e:\c_programming\diamond\diamond\phonebill_code.cpp(38): warning C4244: '=' : conversion from 'double' to 'int', possible loss of data
     1>e:\c_programming\diamond\diamond\phonebill_code.cpp(39): warning C4244: '=' : conversion from 'double' to 'int', possible loss of data
       ManifestResourceCompile:
         All outputs are up-to-date.
       Link:
         c:\Program Files (x86)\Microsoft Visual Studio 10.0\VC\bin\link.exe /ERRORREPORT:PROMPT /OUT:"E:\C_Programming\diamond\Debug\diamond.exe" /INCREMENTAL /NOLOGO kernel32.lib user32.lib gdi32.lib winspool.lib comdlg32.lib advapi32.lib shell32.lib ole32.lib oleaut32.lib uuid.lib odbc32.lib odbccp32.lib /MANIFEST /ManifestFile:"Debug\diamond.exe.intermediate.manifest" /MANIFESTUAC:"level='asInvoker' uiAccess='false'" /DEBUG /PDB:"E:\C_Programming\diamond\Debug\diamond.pdb" /SUBSYSTEM:CONSOLE /TLBID:1 /DYNAMICBASE /NXCOMPAT /IMPLIB:"E:\C_Programming\diamond\Debug\diamond.lib" /MACHINE:X86 Debug\diamond.exe.embed.manifest.res
         Debug\phonebill_code.obj
       Manifest:
         c:\Program Files (x86)\Microsoft SDKs\Windows\v7.0A\bin\mt.exe /nologo /verbose /out:"Debug\diamond.exe.embed.manifest" /manifest Debug\diamond.exe.intermediate.manifest
         All outputs are up-to-date.
       LinkEmbedManifest:
         All outputs are up-to-date.
         diamond.vcxproj -> E:\C_Programming\diamond\Debug\diamond.exe
       FinalizeBuildStatus:
         Deleting file "Debug\diamond.unsuccessfulbuild".
         Touching "Debug\diamond.lastbuildstate".
     1>Done Building Project "E:\C_Programming\diamond\diamond\diamond.vcxproj" (build target(s)).

Build succeeded.

Time Elapsed 00:00:26.21
