Build started 1/26/2016 6:43:33 PM.
     1>Project "E:\C_Programming\Calculation\Calculation\Calculation.vcxproj" on node 2 (build target(s)).
     1>InitializeBuildStatus:
         Creating "Debug\Calculation.unsuccessfulbuild" because "AlwaysCreate" was specified.
       ClCompile:
         c:\Program Files (x86)\Microsoft Visual Studio 10.0\VC\bin\CL.exe /c /ZI /nologo /W3 /WX- /Od /Oy- /D WIN32 /D _DEBUG /D _CONSOLE /D _UNICODE /D UNICODE /Gm /EHsc /RTC1 /MDd /GS /fp:precise /Zc:wchar_t /Zc:forScope /Fo"Debug\\" /Fd"Debug\vc100.pdb" /Gd /TC /analyze- /errorReport:prompt CalculationCode.c
         CalculationCode.c
     1>e:\c_programming\calculation\calculation\calculationcode.c(7): warning C4996: 'scanf': This function or variable may be unsafe. Consider using scanf_s instead. To disable deprecation, use _CRT_SECURE_NO_WARNINGS. See online help for details.
                 c:\program files (x86)\microsoft visual studio 10.0\vc\include\stdio.h(304) : see declaration of 'scanf'
       ManifestResourceCompile:
         All outputs are up-to-date.
       Link:
         c:\Program Files (x86)\Microsoft Visual Studio 10.0\VC\bin\link.exe /ERRORREPORT:PROMPT /OUT:"E:\C_Programming\Calculation\Debug\Calculation.exe" /INCREMENTAL /NOLOGO kernel32.lib user32.lib gdi32.lib winspool.lib comdlg32.lib advapi32.lib shell32.lib ole32.lib oleaut32.lib uuid.lib odbc32.lib odbccp32.lib /MANIFEST /ManifestFile:"Debug\Calculation.exe.intermediate.manifest" /MANIFESTUAC:"level='asInvoker' uiAccess='false'" /DEBUG /PDB:"E:\C_Programming\Calculation\Debug\Calculation.pdb" /SUBSYSTEM:CONSOLE /TLBID:1 /DYNAMICBASE /NXCOMPAT /IMPLIB:"E:\C_Programming\Calculation\Debug\Calculation.lib" /MACHINE:X86 Debug\Calculation.exe.embed.manifest.res
         Debug\CalculationCode.obj
       Manifest:
         C:\Program Files (x86)\Microsoft SDKs\Windows\v7.0A\bin\mt.exe /nologo /verbose /out:"Debug\Calculation.exe.embed.manifest" /manifest Debug\Calculation.exe.intermediate.manifest
         All outputs are up-to-date.
       LinkEmbedManifest:
         All outputs are up-to-date.
         Calculation.vcxproj -> E:\C_Programming\Calculation\Debug\Calculation.exe
       FinalizeBuildStatus:
         Deleting file "Debug\Calculation.unsuccessfulbuild".
         Touching "Debug\Calculation.lastbuildstate".
     1>Done Building Project "E:\C_Programming\Calculation\Calculation\Calculation.vcxproj" (build target(s)).

Build succeeded.

Time Elapsed 00:00:07.79
